This is pdfTeX, Version 3.14159265-2.6-1.40.18 (TeX Live 2017/Debian) (preloaded format=pdflatex 2018.5.30)  19 SEP 2018 21:02
entering extended mode
 restricted \write18 enabled.
 %&-line parsing enabled.
**IA_Busquedas_Ulises.tex
(./IA_Busquedas_Ulises.tex
LaTeX2e <2017-04-15>
Babel <3.18> and hyphenation patterns for 3 language(s) loaded.
(/usr/share/texlive/texmf-dist/tex/latex/base/article.cls
Document Class: article 2014/09/29 v1.4h Standard LaTeX document class
(/usr/share/texlive/texmf-dist/tex/latex/base/size10.clo
File: size10.clo 2014/09/29 v1.4h Standard LaTeX file (size option)
)
\c@part=\count79
\c@section=\count80
\c@subsection=\count81
\c@subsubsection=\count82
\c@paragraph=\count83
\c@subparagraph=\count84
\c@figure=\count85
\c@table=\count86
\abovecaptionskip=\skip41
\belowcaptionskip=\skip42
\bibindent=\dimen102
)
(/usr/share/texlive/texmf-dist/tex/latex/graphics/graphicx.sty
Package: graphicx 2017/06/01 v1.1a Enhanced LaTeX Graphics (DPC,SPQR)

(/usr/share/texlive/texmf-dist/tex/latex/graphics/keyval.sty
Package: keyval 2014/10/28 v1.15 key=value parser (DPC)
\KV@toks@=\toks14
)
(/usr/share/texlive/texmf-dist/tex/latex/graphics/graphics.sty
Package: graphics 2017/06/25 v1.2c Standard LaTeX Graphics (DPC,SPQR)

(/usr/share/texlive/texmf-dist/tex/latex/graphics/trig.sty
Package: trig 2016/01/03 v1.10 sin cos tan (DPC)
)
(/usr/share/texlive/texmf-dist/tex/latex/graphics-cfg/graphics.cfg
File: graphics.cfg 2016/06/04 v1.11 sample graphics configuration
)
Package graphics Info: Driver file: pdftex.def on input line 99.

(/usr/share/texlive/texmf-dist/tex/latex/graphics-def/pdftex.def
File: pdftex.def 2018/01/08 v1.0l Graphics/color driver for pdftex
))
\Gin@req@height=\dimen103
\Gin@req@width=\dimen104
)
(/usr/share/texlive/texmf-dist/tex/latex/caption/caption.sty
Package: caption 2016/02/21 v3.3-144 Customizing captions (AR)

(/usr/share/texlive/texmf-dist/tex/latex/caption/caption3.sty
Package: caption3 2016/05/22 v1.7-166 caption3 kernel (AR)
Package caption3 Info: TeX engine: e-TeX on input line 67.
\captionmargin=\dimen105
\captionmargin@=\dimen106
\captionwidth=\dimen107
\caption@tempdima=\dimen108
\caption@indent=\dimen109
\caption@parindent=\dimen110
\caption@hangindent=\dimen111
)
\c@ContinuedFloat=\count87
)
(/usr/share/texlive/texmf-dist/tex/latex/caption/subcaption.sty
Package: subcaption 2016/05/22 v1.1-161 Sub-captions (AR)
\c@subfigure=\count88
\c@subtable=\count89
)
(/usr/share/texlive/texmf-dist/tex/latex/float/float.sty
Package: float 2001/11/08 v1.3d Float enhancements (AL)
\c@float@type=\count90
\float@exts=\toks15
\float@box=\box26
\@float@everytoks=\toks16
\@floatcapt=\box27
)
(./IA_Busquedas_Ulises.aux)
\openout1 = `IA_Busquedas_Ulises.aux'.

LaTeX Font Info:    Checking defaults for OML/cmm/m/it on input line 14.
LaTeX Font Info:    ... okay on input line 14.
LaTeX Font Info:    Checking defaults for T1/cmr/m/n on input line 14.
LaTeX Font Info:    ... okay on input line 14.
LaTeX Font Info:    Checking defaults for OT1/cmr/m/n on input line 14.
LaTeX Font Info:    ... okay on input line 14.
LaTeX Font Info:    Checking defaults for OMS/cmsy/m/n on input line 14.
LaTeX Font Info:    ... okay on input line 14.
LaTeX Font Info:    Checking defaults for OMX/cmex/m/n on input line 14.
LaTeX Font Info:    ... okay on input line 14.
LaTeX Font Info:    Checking defaults for U/cmr/m/n on input line 14.
LaTeX Font Info:    ... okay on input line 14.

(/usr/share/texlive/texmf-dist/tex/context/base/mkii/supp-pdf.mkii
[Loading MPS to PDF converter (version 2006.09.02).]
\scratchcounter=\count91
\scratchdimen=\dimen112
\scratchbox=\box28
\nofMPsegments=\count92
\nofMParguments=\count93
\everyMPshowfont=\toks17
\MPscratchCnt=\count94
\MPscratchDim=\dimen113
\MPnumerator=\count95
\makeMPintoPDFobject=\count96
\everyMPtoPDFconversion=\toks18
) (/usr/share/texlive/texmf-dist/tex/latex/oberdiek/epstopdf-base.sty
Package: epstopdf-base 2016/05/15 v2.6 Base part for package epstopdf

(/usr/share/texlive/texmf-dist/tex/generic/oberdiek/infwarerr.sty
Package: infwarerr 2016/05/16 v1.4 Providing info/warning/error messages (HO)
)
(/usr/share/texlive/texmf-dist/tex/latex/oberdiek/grfext.sty
Package: grfext 2016/05/16 v1.2 Manage graphics extensions (HO)

(/usr/share/texlive/texmf-dist/tex/generic/oberdiek/kvdefinekeys.sty
Package: kvdefinekeys 2016/05/16 v1.4 Define keys (HO)

(/usr/share/texlive/texmf-dist/tex/generic/oberdiek/ltxcmds.sty
Package: ltxcmds 2016/05/16 v1.23 LaTeX kernel commands for general use (HO)
)))
(/usr/share/texlive/texmf-dist/tex/latex/oberdiek/kvoptions.sty
Package: kvoptions 2016/05/16 v3.12 Key value format for package options (HO)

(/usr/share/texlive/texmf-dist/tex/generic/oberdiek/kvsetkeys.sty
Package: kvsetkeys 2016/05/16 v1.17 Key value parser (HO)

(/usr/share/texlive/texmf-dist/tex/generic/oberdiek/etexcmds.sty
Package: etexcmds 2016/05/16 v1.6 Avoid name clashes with e-TeX commands (HO)

(/usr/share/texlive/texmf-dist/tex/generic/oberdiek/ifluatex.sty
Package: ifluatex 2016/05/16 v1.4 Provides the ifluatex switch (HO)
Package ifluatex Info: LuaTeX not detected.
)
Package etexcmds Info: Could not find \expanded.
(etexcmds)             That can mean that you are not using pdfTeX 1.50 or
(etexcmds)             that some package has redefined \expanded.
(etexcmds)             In the latter case, load this package earlier.
)))
(/usr/share/texlive/texmf-dist/tex/generic/oberdiek/pdftexcmds.sty
Package: pdftexcmds 2018/01/21 v0.26 Utility functions of pdfTeX for LuaTeX (HO
)

(/usr/share/texlive/texmf-dist/tex/generic/oberdiek/ifpdf.sty
Package: ifpdf 2017/03/15 v3.2 Provides the ifpdf switch
)
Package pdftexcmds Info: LuaTeX not detected.
Package pdftexcmds Info: \pdf@primitive is available.
Package pdftexcmds Info: \pdf@ifprimitive is available.
Package pdftexcmds Info: \pdfdraftmode found.
)
Package epstopdf-base Info: Redefining graphics rule for `.eps' on input line 4
38.
Package grfext Info: Graphics extension search list:
(grfext)             [.pdf,.png,.jpg,.mps,.jpeg,.jbig2,.jb2,.PDF,.PNG,.JPG,.JPE
G,.JBIG2,.JB2,.eps]
(grfext)             \AppendGraphicsExtensions on input line 456.

(/usr/share/texlive/texmf-dist/tex/latex/latexconfig/epstopdf-sys.cfg
File: epstopdf-sys.cfg 2010/07/13 v1.3 Configuration of (r)epstopdf for TeX Liv
e
))
Package caption Info: Begin \AtBeginDocument code.
Package caption Info: float package is loaded.
Package caption Info: End \AtBeginDocument code.
LaTeX Font Info:    External font `cmex10' loaded for size
(Font)              <12> on input line 15.
LaTeX Font Info:    External font `cmex10' loaded for size
(Font)              <8> on input line 15.
LaTeX Font Info:    External font `cmex10' loaded for size
(Font)              <6> on input line 15.

[1

{/var/lib/texmf/fonts/map/pdftex/updmap/pdftex.map}]
Underfull \hbox (badness 10000) in paragraph at lines 19--20

 []

(./IA_Busquedas_Ulises.toc
LaTeX Font Info:    External font `cmex10' loaded for size
(Font)              <7> on input line 2.
LaTeX Font Info:    External font `cmex10' loaded for size
(Font)              <5> on input line 2.
)
\tf@toc=\write3
\openout3 = `IA_Busquedas_Ulises.toc'.

 [1]
Underfull \hbox (badness 10000) in paragraph at lines 38--39

 []

LaTeX Font Info:    Try loading font information for OMS+cmr on input line 40.
(/usr/share/texlive/texmf-dist/tex/latex/base/omscmr.fd
File: omscmr.fd 2014/09/29 v2.5h Standard LaTeX font definitions
)
LaTeX Font Info:    Font shape `OMS/cmr/m/n' in size <10> not available
(Font)              Font shape `OMS/cmsy/m/n' tried instead on input line 40.
Missing character: There is no Ã in font cmbx10!
Missing character: There is no ¡ in font cmbx10!

Underfull \hbox (badness 10000) in paragraph at lines 47--48

 []

<EJ2/As.png, id=16, 438.63875pt x 165.61874pt>
File: EJ2/As.png Graphic file (type png)
<use EJ2/As.png>
Package pdftex.def Info: EJ2/As.png  used on input line 53.
(pdftex.def)             Requested size: 137.9979pt x 52.10446pt.
<EJ2/As_001.png, id=17, 514.92375pt x 294.09875pt>
File: EJ2/As_001.png Graphic file (type png)
<use EJ2/As_001.png>
Package pdftex.def Info: EJ2/As_001.png  used on input line 59.
(pdftex.def)             Requested size: 137.9979pt x 78.81535pt.
[1 <./EJ2/As.png (PNG copy)>]
<EJ2/As_002.png, id=26, 519.9425pt x 427.5975pt>
File: EJ2/As_002.png Graphic file (type png)
<use EJ2/As_002.png>
Package pdftex.def Info: EJ2/As_002.png  used on input line 65.
(pdftex.def)             Requested size: 137.9979pt x 113.48895pt.
<EJ2/As_003.png, id=27, 708.6475pt x 561.09625pt>
File: EJ2/As_003.png Graphic file (type png)
<use EJ2/As_003.png>
Package pdftex.def Info: EJ2/As_003.png  used on input line 71.
(pdftex.def)             Requested size: 137.9979pt x 109.26349pt.
<EJ2/As_004.png, id=28, 708.6475pt x 694.595pt>
File: EJ2/As_004.png Graphic file (type png)
<use EJ2/As_004.png>
Package pdftex.def Info: EJ2/As_004.png  used on input line 77.
(pdftex.def)             Requested size: 137.9979pt x 135.26pt.
 [2 <./EJ2/As_001.png (PNG copy)> <./EJ2/As_002.png (PNG copy)> <./EJ2/As_003.p
ng (PNG copy)>]
LaTeX Font Info:    Font shape `OT1/cmtt/bx/n' in size <10> not available
(Font)              Font shape `OT1/cmtt/m/n' tried instead on input line 89.
<diap52.png, id=32, 657.45625pt x 634.37pt>
File: diap52.png Graphic file (type png)
<use diap52.png>
Package pdftex.def Info: diap52.png  used on input line 89.
(pdftex.def)             Requested size: 137.9979pt x 133.14418pt.
<EJ3/profundidad.png, id=34, 173.64874pt x 126.4725pt>
File: EJ3/profundidad.png Graphic file (type png)
<use EJ3/profundidad.png>
Package pdftex.def Info: EJ3/profundidad.png  used on input line 95.
(pdftex.def)             Requested size: 137.9979pt x 100.5104pt.
 [3 <./EJ2/As_004.png (PNG copy)> <./diap52.png>]
<EJ3/profundidad_001.png, id=39, 235.88126pt x 211.79124pt>
File: EJ3/profundidad_001.png Graphic file (type png)
<use EJ3/profundidad_001.png>
Package pdftex.def Info: EJ3/profundidad_001.png  used on input line 102.
(pdftex.def)             Requested size: 137.9979pt x 123.90546pt.
<EJ3/profundidad_002.png, id=40, 247.92625pt x 315.1775pt>
File: EJ3/profundidad_002.png Graphic file (type png)
<use EJ3/profundidad_002.png>
Package pdftex.def Info: EJ3/profundidad_002.png  used on input line 109.
(pdftex.def)             Requested size: 137.9979pt x 175.43054pt.
<EJ3/profundidad_003.png, id=41, 260.975pt x 333.245pt>
File: EJ3/profundidad_003.png Graphic file (type png)
<use EJ3/profundidad_003.png>
Package pdftex.def Info: EJ3/profundidad_003.png  used on input line 115.
(pdftex.def)             Requested size: 137.9979pt x 176.2122pt.
<EJ3/profundidad_004.png, id=42, 273.02pt x 333.245pt>
File: EJ3/profundidad_004.png Graphic file (type png)
<use EJ3/profundidad_004.png>
Package pdftex.def Info: EJ3/profundidad_004.png  used on input line 121.
(pdftex.def)             Requested size: 137.9979pt x 168.4374pt.
 [4 <./EJ3/profundidad.png (PNG copy)> <./EJ3/profundidad_001.png (PNG copy)> <
./EJ3/profundidad_002.png (PNG copy)>]
<EJ3/profundidad_005.png, id=46, 273.02pt x 341.275pt>
File: EJ3/profundidad_005.png Graphic file (type png)
<use EJ3/profundidad_005.png>
Package pdftex.def Info: EJ3/profundidad_005.png  used on input line 127.
(pdftex.def)             Requested size: 137.9979pt x 172.49612pt.
<EJ3/profundidad_006.png, id=47, 273.02pt x 341.275pt>
File: EJ3/profundidad_006.png Graphic file (type png)
<use EJ3/profundidad_006.png>
Package pdftex.def Info: EJ3/profundidad_006.png  used on input line 133.
(pdftex.def)             Requested size: 137.9979pt x 172.49612pt.
 [5 <./EJ3/profundidad_003.png (PNG copy)> <./EJ3/profundidad_004.png (PNG copy
)>]
<EJ3/profundidad_007.png, id=52, 285.065pt x 359.3425pt>
File: EJ3/profundidad_007.png Graphic file (type png)
<use EJ3/profundidad_007.png>
Package pdftex.def Info: EJ3/profundidad_007.png  used on input line 139.
(pdftex.def)             Requested size: 137.9979pt x 173.9519pt.
<EJ3/profundidad_008.png, id=53, 376.40625pt x 359.3425pt>
File: EJ3/profundidad_008.png Graphic file (type png)
<use EJ3/profundidad_008.png>
Package pdftex.def Info: EJ3/profundidad_008.png  used on input line 145.
(pdftex.def)             Requested size: 137.9979pt x 131.74286pt.
 [6 <./EJ3/profundidad_005.png (PNG copy)> <./EJ3/profundidad_006.png (PNG copy
)>]
<EJ3/profundidad_009.png, id=57, 439.6425pt x 367.3725pt>
File: EJ3/profundidad_009.png Graphic file (type png)
<use EJ3/profundidad_009.png>
Package pdftex.def Info: EJ3/profundidad_009.png  used on input line 151.
(pdftex.def)             Requested size: 137.9979pt x 115.30812pt.
<EJ3/profundidad_010.png, id=58, 502.87875pt x 367.3725pt>
File: EJ3/profundidad_010.png Graphic file (type png)
<use EJ3/profundidad_010.png>
Package pdftex.def Info: EJ3/profundidad_010.png  used on input line 157.
(pdftex.def)             Requested size: 137.9979pt x 100.81192pt.
<EJ3/profundidad_011.png, id=59, 520.94624pt x 368.37625pt>
File: EJ3/profundidad_011.png Graphic file (type png)
<use EJ3/profundidad_011.png>
Package pdftex.def Info: EJ3/profundidad_011.png  used on input line 163.
(pdftex.def)             Requested size: 137.9979pt x 97.57988pt.
 [7 <./EJ3/profundidad_007.png (PNG copy)> <./EJ3/profundidad_008.png (PNG copy
)> <./EJ3/profundidad_009.png (PNG copy)>]
<EJ4/ej4.png, id=63, 173.64874pt x 145.54375pt>
File: EJ4/ej4.png Graphic file (type png)
<use EJ4/ej4.png>
Package pdftex.def Info: EJ4/ej4.png  used on input line 172.
(pdftex.def)             Requested size: 137.9979pt x 115.66673pt.
<EJ4/ej4_001.png, id=64, 247.92625pt x 248.93pt>
File: EJ4/ej4_001.png Graphic file (type png)
<use EJ4/ej4_001.png>
Package pdftex.def Info: EJ4/ej4_001.png  used on input line 179.
(pdftex.def)             Requested size: 137.9979pt x 138.55661pt.
 [8 <./EJ3/profundidad_010.png (PNG copy)> <./EJ3/profundidad_011.png (PNG copy
)> <./EJ4/ej4.png (PNG copy)>]
<EJ4/ej4_002.png, id=68, 314.17375pt x 251.94125pt>
File: EJ4/ej4_002.png Graphic file (type png)
<use EJ4/ej4_002.png>
Package pdftex.def Info: EJ4/ej4_002.png  used on input line 186.
(pdftex.def)             Requested size: 137.9979pt x 110.66226pt.
<EJ4/ej4_003.png, id=69, 429.605pt x 251.94125pt>
File: EJ4/ej4_003.png Graphic file (type png)
<use EJ4/ej4_003.png>
Package pdftex.def Info: EJ4/ej4_003.png  used on input line 193.
(pdftex.def)             Requested size: 137.9979pt x 80.93039pt.
<EJ4/ej4_004.png, id=70, 454.69875pt x 350.30875pt>
File: EJ4/ej4_004.png Graphic file (type png)
<use EJ4/ej4_004.png>
Package pdftex.def Info: EJ4/ej4_004.png  used on input line 200.
(pdftex.def)             Requested size: 137.9979pt x 106.31749pt.
 [9 <./EJ4/ej4_001.png (PNG copy)> <./EJ4/ej4_002.png (PNG copy)> <./EJ4/ej4_00
3.png (PNG copy)>]
<EJ4/ej4_005.png, id=74, 478.78876pt x 350.30875pt>
File: EJ4/ej4_005.png Graphic file (type png)
<use EJ4/ej4_005.png>
Package pdftex.def Info: EJ4/ej4_005.png  used on input line 207.
(pdftex.def)             Requested size: 137.9979pt x 100.96687pt.
<EJ4/ej4_006.png, id=75, 502.87875pt x 352.31625pt>
File: EJ4/ej4_006.png Graphic file (type png)
<use EJ4/ej4_006.png>
Package pdftex.def Info: EJ4/ej4_006.png  used on input line 214.
(pdftex.def)             Requested size: 137.9979pt x 96.68028pt.
<EJ4/ej4_007.png, id=76, 566.115pt x 360.34625pt>
File: EJ4/ej4_007.png Graphic file (type png)
<use EJ4/ej4_007.png>
Package pdftex.def Info: EJ4/ej4_007.png  used on input line 221.
(pdftex.def)             Requested size: 137.9979pt x 87.83748pt.
<EJ4/ej4_008.png, id=77, 592.2125pt x 363.3575pt>
File: EJ4/ej4_008.png Graphic file (type png)
<use EJ4/ej4_008.png>
Package pdftex.def Info: EJ4/ej4_008.png  used on input line 228.
(pdftex.def)             Requested size: 137.9979pt x 84.66824pt.
 [10 <./EJ4/ej4_004.png (PNG copy)> <./EJ4/ej4_005.png (PNG copy)> <./EJ4/ej4_0
06.png (PNG copy)> <./EJ4/ej4_007.png (PNG copy)>]
<EJ4/ej4_009.png, id=81, 617.30624pt x 363.3575pt>
File: EJ4/ej4_009.png Graphic file (type png)
<use EJ4/ej4_009.png>
Package pdftex.def Info: EJ4/ej4_009.png  used on input line 235.
(pdftex.def)             Requested size: 137.9979pt x 81.22519pt.
<EJ4/ej4_010.png, id=82, 642.4pt x 363.3575pt>
File: EJ4/ej4_010.png Graphic file (type png)
<use EJ4/ej4_010.png>
Package pdftex.def Info: EJ4/ej4_010.png  used on input line 242.
(pdftex.def)             Requested size: 137.9979pt x 78.0538pt.
<EJ4/ej4_011.png, id=83, 642.4pt x 378.41376pt>
File: EJ4/ej4_011.png Graphic file (type png)
<use EJ4/ej4_011.png>
Package pdftex.def Info: EJ4/ej4_011.png  used on input line 249.
(pdftex.def)             Requested size: 137.9979pt x 81.28807pt.
<EJ4/ej4_012.png, id=84, 642.4pt x 386.44376pt>
File: EJ4/ej4_012.png Graphic file (type png)
<use EJ4/ej4_012.png>
Package pdftex.def Info: EJ4/ej4_012.png  used on input line 256.
(pdftex.def)             Requested size: 137.9979pt x 83.01302pt.
 [11 <./EJ4/ej4_008.png (PNG copy)> <./EJ4/ej4_009.png (PNG copy)> <./EJ4/ej4_0
10.png (PNG copy)> <./EJ4/ej4_011.png (PNG copy)>]
<EJ4/ej4_013.png, id=89, 646.415pt x 387.4475pt>
File: EJ4/ej4_013.png Graphic file (type png)
<use EJ4/ej4_013.png>
Package pdftex.def Info: EJ4/ej4_013.png  used on input line 263.
(pdftex.def)             Requested size: 137.9979pt x 82.70839pt.
<EJ4/ej4_014.png, id=90, 675.52374pt x 387.4475pt>
File: EJ4/ej4_014.png Graphic file (type png)
<use EJ4/ej4_014.png>
Package pdftex.def Info: EJ4/ej4_014.png  used on input line 270.
(pdftex.def)             Requested size: 137.9979pt x 79.14938pt.
 [12 <./EJ4/ej4_012.png (PNG copy)> <./EJ4/ej4_013.png (PNG copy)> <./EJ4/ej4_0
14.png (PNG copy)>] [13] (./IA_Busquedas_Ulises.aux) ) 
Here is how much of TeX's memory you used:
 2847 strings out of 494923
 45653 string characters out of 6180742
 96479 words of memory out of 5000000
 6114 multiletter control sequences out of 15000+600000
 9370 words of font info for 33 fonts, out of 8000000 for 9000
 14 hyphenation exceptions out of 8191
 41i,6n,40p,376b,289s stack positions out of 5000i,500n,10000p,200000b,80000s
</usr/share/texlive/texmf
-dist/fonts/type1/public/amsfonts/cm/cmbx10.pfb></usr/share/texlive/texmf-dist/
fonts/type1/public/amsfonts/cm/cmbx12.pfb></usr/share/texlive/texmf-dist/fonts/
type1/public/amsfonts/cm/cmbxti10.pfb></usr/share/texlive/texmf-dist/fonts/type
1/public/amsfonts/cm/cmcsc10.pfb></usr/share/texlive/texmf-dist/fonts/type1/pub
lic/amsfonts/cm/cmmi10.pfb></usr/share/texlive/texmf-dist/fonts/type1/public/am
sfonts/cm/cmmi12.pfb></usr/share/texlive/texmf-dist/fonts/type1/public/amsfonts
/cm/cmr10.pfb></usr/share/texlive/texmf-dist/fonts/type1/public/amsfonts/cm/cmr
12.pfb></usr/share/texlive/texmf-dist/fonts/type1/public/amsfonts/cm/cmsy10.pfb
></usr/share/texlive/texmf-dist/fonts/type1/public/amsfonts/cm/cmsy7.pfb></usr/
share/texlive/texmf-dist/fonts/type1/public/amsfonts/cm/cmti10.pfb></usr/share/
texlive/texmf-dist/fonts/type1/public/amsfonts/cm/cmtt10.pfb>
Output written on IA_Busquedas_Ulises.pdf (15 pages, 914374 bytes).
PDF statistics:
 136 PDF objects out of 1000 (max. 8388607)
 72 compressed objects within 1 object stream
 0 named destinations out of 1000 (max. 500000)
 166 words of extra memory for PDF output out of 10000 (max. 10000000)

