This is pdfTeX, Version 3.14159265-2.6-1.40.18 (TeX Live 2017/Debian) (preloaded format=pdflatex 2018.5.30)  7 SEP 2018 20:36
entering extended mode
 restricted \write18 enabled.
 %&-line parsing enabled.
**IA_C1_Ulises.tex
(./IA_C1_Ulises.tex
LaTeX2e <2017-04-15>
Babel <3.18> and hyphenation patterns for 3 language(s) loaded.
(/usr/share/texlive/texmf-dist/tex/latex/base/article.cls
Document Class: article 2014/09/29 v1.4h Standard LaTeX document class
(/usr/share/texlive/texmf-dist/tex/latex/base/size10.clo
File: size10.clo 2014/09/29 v1.4h Standard LaTeX file (size option)
)
\c@part=\count79
\c@section=\count80
\c@subsection=\count81
\c@subsubsection=\count82
\c@paragraph=\count83
\c@subparagraph=\count84
\c@figure=\count85
\c@table=\count86
\abovecaptionskip=\skip41
\belowcaptionskip=\skip42
\bibindent=\dimen102
)
(/usr/share/texlive/texmf-dist/tex/latex/graphics/graphicx.sty
Package: graphicx 2017/06/01 v1.1a Enhanced LaTeX Graphics (DPC,SPQR)

(/usr/share/texlive/texmf-dist/tex/latex/graphics/keyval.sty
Package: keyval 2014/10/28 v1.15 key=value parser (DPC)
\KV@toks@=\toks14
)
(/usr/share/texlive/texmf-dist/tex/latex/graphics/graphics.sty
Package: graphics 2017/06/25 v1.2c Standard LaTeX Graphics (DPC,SPQR)

(/usr/share/texlive/texmf-dist/tex/latex/graphics/trig.sty
Package: trig 2016/01/03 v1.10 sin cos tan (DPC)
)
(/usr/share/texlive/texmf-dist/tex/latex/graphics-cfg/graphics.cfg
File: graphics.cfg 2016/06/04 v1.11 sample graphics configuration
)
Package graphics Info: Driver file: pdftex.def on input line 99.

(/usr/share/texlive/texmf-dist/tex/latex/graphics-def/pdftex.def
File: pdftex.def 2018/01/08 v1.0l Graphics/color driver for pdftex
))
\Gin@req@height=\dimen103
\Gin@req@width=\dimen104
)
(/usr/share/texlive/texmf-dist/tex/latex/caption/caption.sty
Package: caption 2016/02/21 v3.3-144 Customizing captions (AR)

(/usr/share/texlive/texmf-dist/tex/latex/caption/caption3.sty
Package: caption3 2016/05/22 v1.7-166 caption3 kernel (AR)
Package caption3 Info: TeX engine: e-TeX on input line 67.
\captionmargin=\dimen105
\captionmargin@=\dimen106
\captionwidth=\dimen107
\caption@tempdima=\dimen108
\caption@indent=\dimen109
\caption@parindent=\dimen110
\caption@hangindent=\dimen111
)
\c@ContinuedFloat=\count87
)
(/usr/share/texlive/texmf-dist/tex/latex/caption/subcaption.sty
Package: subcaption 2016/05/22 v1.1-161 Sub-captions (AR)
\c@subfigure=\count88
\c@subtable=\count89
)
(/usr/share/texlive/texmf-dist/tex/latex/float/float.sty
Package: float 2001/11/08 v1.3d Float enhancements (AL)
\c@float@type=\count90
\float@exts=\toks15
\float@box=\box26
\@float@everytoks=\toks16
\@floatcapt=\box27
) (./IA_C1_Ulises.aux)
\openout1 = `IA_C1_Ulises.aux'.

LaTeX Font Info:    Checking defaults for OML/cmm/m/it on input line 13.
LaTeX Font Info:    ... okay on input line 13.
LaTeX Font Info:    Checking defaults for T1/cmr/m/n on input line 13.
LaTeX Font Info:    ... okay on input line 13.
LaTeX Font Info:    Checking defaults for OT1/cmr/m/n on input line 13.
LaTeX Font Info:    ... okay on input line 13.
LaTeX Font Info:    Checking defaults for OMS/cmsy/m/n on input line 13.
LaTeX Font Info:    ... okay on input line 13.
LaTeX Font Info:    Checking defaults for OMX/cmex/m/n on input line 13.
LaTeX Font Info:    ... okay on input line 13.
LaTeX Font Info:    Checking defaults for U/cmr/m/n on input line 13.
LaTeX Font Info:    ... okay on input line 13.

(/usr/share/texlive/texmf-dist/tex/context/base/mkii/supp-pdf.mkii
[Loading MPS to PDF converter (version 2006.09.02).]
\scratchcounter=\count91
\scratchdimen=\dimen112
\scratchbox=\box28
\nofMPsegments=\count92
\nofMParguments=\count93
\everyMPshowfont=\toks17
\MPscratchCnt=\count94
\MPscratchDim=\dimen113
\MPnumerator=\count95
\makeMPintoPDFobject=\count96
\everyMPtoPDFconversion=\toks18
) (/usr/share/texlive/texmf-dist/tex/latex/oberdiek/epstopdf-base.sty
Package: epstopdf-base 2016/05/15 v2.6 Base part for package epstopdf

(/usr/share/texlive/texmf-dist/tex/generic/oberdiek/infwarerr.sty
Package: infwarerr 2016/05/16 v1.4 Providing info/warning/error messages (HO)
)
(/usr/share/texlive/texmf-dist/tex/latex/oberdiek/grfext.sty
Package: grfext 2016/05/16 v1.2 Manage graphics extensions (HO)

(/usr/share/texlive/texmf-dist/tex/generic/oberdiek/kvdefinekeys.sty
Package: kvdefinekeys 2016/05/16 v1.4 Define keys (HO)

(/usr/share/texlive/texmf-dist/tex/generic/oberdiek/ltxcmds.sty
Package: ltxcmds 2016/05/16 v1.23 LaTeX kernel commands for general use (HO)
)))
(/usr/share/texlive/texmf-dist/tex/latex/oberdiek/kvoptions.sty
Package: kvoptions 2016/05/16 v3.12 Key value format for package options (HO)

(/usr/share/texlive/texmf-dist/tex/generic/oberdiek/kvsetkeys.sty
Package: kvsetkeys 2016/05/16 v1.17 Key value parser (HO)

(/usr/share/texlive/texmf-dist/tex/generic/oberdiek/etexcmds.sty
Package: etexcmds 2016/05/16 v1.6 Avoid name clashes with e-TeX commands (HO)

(/usr/share/texlive/texmf-dist/tex/generic/oberdiek/ifluatex.sty
Package: ifluatex 2016/05/16 v1.4 Provides the ifluatex switch (HO)
Package ifluatex Info: LuaTeX not detected.
)
Package etexcmds Info: Could not find \expanded.
(etexcmds)             That can mean that you are not using pdfTeX 1.50 or
(etexcmds)             that some package has redefined \expanded.
(etexcmds)             In the latter case, load this package earlier.
)))
(/usr/share/texlive/texmf-dist/tex/generic/oberdiek/pdftexcmds.sty
Package: pdftexcmds 2018/01/21 v0.26 Utility functions of pdfTeX for LuaTeX (HO
)

(/usr/share/texlive/texmf-dist/tex/generic/oberdiek/ifpdf.sty
Package: ifpdf 2017/03/15 v3.2 Provides the ifpdf switch
)
Package pdftexcmds Info: LuaTeX not detected.
Package pdftexcmds Info: \pdf@primitive is available.
Package pdftexcmds Info: \pdf@ifprimitive is available.
Package pdftexcmds Info: \pdfdraftmode found.
)
Package epstopdf-base Info: Redefining graphics rule for `.eps' on input line 4
38.
Package grfext Info: Graphics extension search list:
(grfext)             [.pdf,.png,.jpg,.mps,.jpeg,.jbig2,.jb2,.PDF,.PNG,.JPG,.JPE
G,.JBIG2,.JB2,.eps]
(grfext)             \AppendGraphicsExtensions on input line 456.

(/usr/share/texlive/texmf-dist/tex/latex/latexconfig/epstopdf-sys.cfg
File: epstopdf-sys.cfg 2010/07/13 v1.3 Configuration of (r)epstopdf for TeX Liv
e
))
Package caption Info: Begin \AtBeginDocument code.
Package caption Info: float package is loaded.
Package caption Info: End \AtBeginDocument code.
LaTeX Font Info:    External font `cmex10' loaded for size
(Font)              <12> on input line 14.
LaTeX Font Info:    External font `cmex10' loaded for size
(Font)              <8> on input line 14.
LaTeX Font Info:    External font `cmex10' loaded for size
(Font)              <6> on input line 14.

[1

{/var/lib/texmf/fonts/map/pdftex/updmap/pdftex.map}] (./IA_C1_Ulises.toc
LaTeX Font Info:    External font `cmex10' loaded for size
(Font)              <7> on input line 2.
LaTeX Font Info:    External font `cmex10' loaded for size
(Font)              <5> on input line 2.

Overfull \hbox (8.16907pt too wide) in paragraph at lines 19--19
 [] []\OT1/cmr/bx/n/10 ?`Qu^^Se car-ac-ter^^S^^Psticas debe tener un prob-lema 
para aplicar t^^Secnicas 
 []

)
\tf@toc=\write3
\openout3 = `IA_C1_Ulises.toc'.

 [1]
Overfull \hbox (2.05301pt too wide) in paragraph at lines 23--24
\OT1/cmr/m/sc/10 Consigna\OT1/cmr/m/it/10 : \OT1/cmr/bx/it/10 De-scriba el test
 de tur-ing. Fun-da-men-tos, Ob-je-tivos, Modal-
 []

LaTeX Font Info:    Try loading font information for OMS+cmr on input line 38.
(/usr/share/texlive/texmf-dist/tex/latex/base/omscmr.fd
File: omscmr.fd 2014/09/29 v2.5h Standard LaTeX font definitions
)
LaTeX Font Info:    Font shape `OMS/cmr/m/n' in size <10> not available
(Font)              Font shape `OMS/cmsy/m/n' tried instead on input line 38.
 [1]
Underfull \hbox (badness 10000) in paragraph at lines 63--64

 []

[2]
Overfull \hbox (3.16725pt too wide) in paragraph at lines 74--75
\OT1/cmr/m/n/10 [[]] y ^^Sultimamente se-gun se men-ciona en [[]],
 []


Overfull \hbox (19.33392pt too wide) in paragraph at lines 74--75
\OT1/cmr/m/n/10 se lo puede en-con-trar de man-era re-sum-ida y ex-pli-cada en 
[[]],
 []


Underfull \hbox (badness 10000) in paragraph at lines 77--78

 []

Missing character: There is no Ã in font cmr10!
Missing character: There is no ³ in font cmr10!
[3]
Underfull \hbox (badness 10000) in paragraph at lines 98--99

 []

Missing character: There is no â in font cmr10!
Missing character: There is no € in font cmr10!
Missing character: There is no ™ in font cmr10!
[4]
Underfull \hbox (badness 10000) in paragraph at lines 108--109

 []


Underfull \hbox (badness 10000) in paragraph at lines 111--112

 []


Overfull \hbox (4.11162pt too wide) in paragraph at lines 117--118
[]\OT1/cmr/m/n/10 [[]] con-cluye que T^^Secnica de In-teligen-cia Ar-ti-fi-cial
 es un metodo
 []

[5]
Underfull \hbox (badness 10000) in paragraph at lines 129--130

 []


Underfull \hbox (badness 10000) in paragraph at lines 134--135

 []

[6]
! Missing $ inserted.
<inserted text> 
                $
l.144 A & \rightarrow
                      & B & =\\
? 
! Extra }, or forgotten $.
<template> \unskip \hfil }
                          \hskip \tabcolsep \hskip -.5\arrayrulewidth \vrule...
l.144 A & \rightarrow &
                        B & =\\
? 
! Missing $ inserted.
<inserted text> 
                $
l.144 A & \rightarrow &
                        B & =\\
? 
! Missing } inserted.
<inserted text> 
                }
l.144 A & \rightarrow &
                        B & =\\
? 

Overfull \hbox (6.0192pt too wide) in paragraph at lines 160--161
\OT1/cmr/m/n/10 personas-- apren-den ha-bil-i-dades ex-per-tas tales como medic
-ina o in-ge-nier^^S^^Pa. Podr^^S^^Pa
 []

[7]
<../../IMG/tareas_mundanas.png, id=40, 241.90375pt x 230.8625pt>
File: ../../IMG/tareas_mundanas.png Graphic file (type png)
<use ../../IMG/tareas_mundanas.png>
Package pdftex.def Info: ../../IMG/tareas_mundanas.png  used on input line 166.

(pdftex.def)             Requested size: 85.38797pt x 81.48999pt.
<../../IMG/tareas_formales.png, id=42, 329.23pt x 227.85126pt>
File: ../../IMG/tareas_formales.png Graphic file (type png)
<use ../../IMG/tareas_formales.png>
Package pdftex.def Info: ../../IMG/tareas_formales.png  used on input line 172.

(pdftex.def)             Requested size: 113.85063pt x 78.79303pt.
<../../IMG/tareas_expertas.png, id=43, 285.065pt x 178.6675pt>
File: ../../IMG/tareas_expertas.png Graphic file (type png)
<use ../../IMG/tareas_expertas.png>
Package pdftex.def Info: ../../IMG/tareas_expertas.png  used on input line 178.

(pdftex.def)             Requested size: 113.85063pt x 71.35667pt.

Overfull \hbox (29.91722pt too wide) in paragraph at lines 184--185
[]\OT1/cmr/m/n/10 En las fig-uras 1[], 2[] y 3[] se pre-senta una lista de tar-
eas prop-uesta por [[]]
 []

<../../IMG/TT2018.png, id=44, 163.61125pt x 210.7875pt>
File: ../../IMG/TT2018.png Graphic file (type png)
<use ../../IMG/TT2018.png>
Package pdftex.def Info: ../../IMG/TT2018.png  used on input line 196.
(pdftex.def)             Requested size: 68.99895pt x 88.89359pt.
<../../IMG/TT2017.png, id=45, 154.5775pt x 308.15125pt>
File: ../../IMG/TT2017.png Graphic file (type png)
<use ../../IMG/TT2017.png>
Package pdftex.def Info: ../../IMG/TT2017.png  used on input line 202.
(pdftex.def)             Requested size: 68.99895pt x 137.5524pt.
<../../IMG/TT2016.png, id=46, 223.83624pt x 307.1475pt>
File: ../../IMG/TT2016.png Graphic file (type png)
<use ../../IMG/TT2016.png>
Package pdftex.def Info: ../../IMG/TT2016.png  used on input line 212.
(pdftex.def)             Requested size: 68.99895pt x 94.68045pt.
<../../IMG/TT2015.png, id=47, 240.9pt x 352.31625pt>
File: ../../IMG/TT2015.png Graphic file (type png)
<use ../../IMG/TT2015.png>
Package pdftex.def Info: ../../IMG/TT2015.png  used on input line 218.
(pdftex.def)             Requested size: 68.99895pt x 100.91113pt.
[8 <../../IMG/tareas_mundanas.png> <../../IMG/tareas_formales.png> <../../IMG/t
areas_expertas.png> <../../IMG/TT2018.png> <../../IMG/TT2017.png>]
<../../IMG/TT2014.png, id=56, 259.97125pt x 419.5675pt>
File: ../../IMG/TT2014.png Graphic file (type png)
<use ../../IMG/TT2014.png>
Package pdftex.def Info: ../../IMG/TT2014.png  used on input line 226.
(pdftex.def)             Requested size: 137.9979pt x 222.71542pt.

Underfull \hbox (badness 10000) in paragraph at lines 240--242
[]\OT1/cmr/m/sc/10 The So-ci-ety for the Study of Ar-ti-fi-cial In-tel-li-
 []


Underfull \hbox (badness 4859) in paragraph at lines 240--242
\OT1/cmr/m/sc/10 gence and Sim-u-la-tion of Be-haviour\OT1/cmr/m/n/10 . \OT1/cm
r/m/it/10 Loeb-ner Prize\OT1/cmr/m/n/10 . AISB.
 []


Underfull \hbox (badness 10000) in paragraph at lines 240--242
\OT1/cmr/m/n/10 https://www.aisb.org.uk/events/loebner-prize [Con-sul-tado el 4
 de
 []

[9 <../../IMG/TT2016.png> <../../IMG/TT2015.png> <../../IMG/TT2014.png>]
Underfull \hbox (badness 3746) in paragraph at lines 242--244
[]\OT1/cmr/m/sc/10 Varios au-tores\OT1/cmr/m/n/10 . \OT1/cmr/m/it/10 El test de
 Tur-ing en su m^^Saxima com-
 []


Underfull \hbox (badness 2790) in paragraph at lines 242--244
\OT1/cmr/m/it/10 petici^^Son: Loeb-ner Prize\OT1/cmr/m/n/10 . Sys-tem and Soft-
ware En-gi-neer-ing, 2004.
 []


Underfull \hbox (badness 10000) in paragraph at lines 242--244
\OT1/cmr/m/n/10 http://www.gtd.es/es/blog/el-test-de-turing-en-su-maxima-compet
icion-
 []


Underfull \hbox (badness 1769) in paragraph at lines 246--248
\OT1/cmr/m/n/10 cy-clo-pe-dia of Phi-los-o-phy (Win-ter 2015 Edi-tion), Ed-ward
 N. Zalta
 []


Underfull \hbox (badness 4454) in paragraph at lines 246--248
\OT1/cmr/m/n/10 (ed.), https://plato.stanford.edu/archives/win2015/entries/chin
ese-room
 []


Underfull \hbox (badness 10000) in paragraph at lines 256--258
[]\OT1/cmr/m/sc/10 Tech In-sider\OT1/cmr/m/n/10 . \OT1/cmr/m/it/10 Google's Dee
p-Mind AI
 []


Underfull \hbox (badness 10000) in paragraph at lines 256--258
\OT1/cmr/m/it/10 Just Taught It-self To Walk\OT1/cmr/m/n/10 . Tech In-sider, 20
17.
 []


Underfull \hbox (badness 10000) in paragraph at lines 256--258
\OT1/cmr/m/n/10 https://www.youtube.com/watch?v=gn4nRCC9TwQ [Con-sul-tado el
 []


Underfull \hbox (badness 10000) in paragraph at lines 262--264
[]\OT1/cmr/m/sc/10 Two Minute Pa-pers\OT1/cmr/m/n/10 . \OT1/cmr/m/it/10 Deep-
 []


Underfull \hbox (badness 10000) in paragraph at lines 262--264
\OT1/cmr/m/it/10 Mind Has A Su-per-hu-man Level Quake 3 AI Team\OT1/cmr/m/n/10 
.
 []


Underfull \hbox (badness 10000) in paragraph at lines 262--264
\OT1/cmr/m/n/10 https://www.youtube.com/watch?v=MvFABFWPBrw [Con-sul-tado el
 []

[10]
Underfull \hbox (badness 10000) in paragraph at lines 266--267
[]\OT1/cmr/m/sc/10 IBM\OT1/cmr/m/n/10 . \OT1/cmr/m/it/10 Wat-son On-col-ogy\OT1
/cmr/m/n/10 . IBM.
 []


Underfull \hbox (badness 10000) in paragraph at lines 266--267
\OT1/cmr/m/n/10 https://www.ibm.com/watson/health/oncology-and-genomics/genomic
s/
 []

[11] (./IA_C1_Ulises.aux) ) 
Here is how much of TeX's memory you used:
 2721 strings out of 494923
 43367 string characters out of 6180742
 98492 words of memory out of 5000000
 6015 multiletter control sequences out of 15000+600000
 9729 words of font info for 34 fonts, out of 8000000 for 9000
 14 hyphenation exceptions out of 8191
 41i,8n,39p,1647b,343s stack positions out of 5000i,500n,10000p,200000b,80000s
</usr/share/texlive/texmf-dist/fonts/type1/public/am
sfonts/cm/cmbx10.pfb></usr/share/texlive/texmf-dist/fonts/type1/public/amsfonts
/cm/cmbx12.pfb></usr/share/texlive/texmf-dist/fonts/type1/public/amsfonts/cm/cm
bxti10.pfb></usr/share/texlive/texmf-dist/fonts/type1/public/amsfonts/cm/cmcsc1
0.pfb></usr/share/texlive/texmf-dist/fonts/type1/public/amsfonts/cm/cmr10.pfb><
/usr/share/texlive/texmf-dist/fonts/type1/public/amsfonts/cm/cmr12.pfb></usr/sh
are/texlive/texmf-dist/fonts/type1/public/amsfonts/cm/cmsy10.pfb></usr/share/te
xlive/texmf-dist/fonts/type1/public/amsfonts/cm/cmti10.pfb></usr/share/texlive/
texmf-dist/fonts/type1/public/amsfonts/cm/cmtt10.pfb>
Output written on IA_C1_Ulises.pdf (13 pages, 300217 bytes).
PDF statistics:
 100 PDF objects out of 1000 (max. 8388607)
 59 compressed objects within 1 object stream
 0 named destinations out of 1000 (max. 500000)
 41 words of extra memory for PDF output out of 10000 (max. 10000000)

